<?xml version="1.0" encoding="UTF-8"?>
<testsuite xmlns:xsi="http://www.w3.org/2001/XMLSchema-instance" xsi:noNamespaceSchemaLocation="https://maven.apache.org/surefire/maven-surefire-plugin/xsd/surefire-test-report.xsd" version="3.0.2" name="com.pm.billing_service.BillingServiceApplicationTests" time="4.295" tests="1" errors="0" skipped="0" failures="0">
  <properties>
[...]
</properties>
  <testcase name="contextLoads" classname="com.pm.billing_service.BillingServiceApplicationTests" time="1.05">
    <system-out><![CDATA[02:06:37.585 [main] INFO org.springframework.test.context.support.AnnotationConfigContextLoaderUtils -- Could not detect default configuration classes for test class [com.pm.billing_service.BillingServiceApplicationTests]: BillingServiceApplicationTests does not declare any static, non-private, non-final, nested classes annotated with @Configuration.
02:06:37.779 [main] INFO org.springframework.boot.test.context.SpringBootTestContextBootstrapper -- Found @SpringBootConfiguration com.pm.billing_service.BillingServiceApplication for test class com.pm.billing_service.BillingServiceApplicationTests

  .   ____          _            __ _ _
 /\\ / ___'_ __ _ _(_)_ __  __ _ \ \ \ \
( ( )\___ | '_ | '_| | '_ \/ _` | \ \ \ \
 \\/  ___)| |_)| | | | | || (_| |  ) ) ) )
  '  |____| .__|_| |_|_| |_\__, | / / / /
 =========|_|==============|___/=/_/_/_/

 :: Spring Boot ::                (v3.5.6)

2025-10-06T02:06:38.482+05:00  INFO 36675 --- [billing-service] [           main] c.p.b.BillingServiceApplicationTests     : Starting BillingServiceApplicationTests using Java 21.0.8 with PID 36675 (started by engineerawais in /Users/engineerawais/java-backend-projects/patient-management/billing-service)
2025-10-06T02:06:38.484+05:00  INFO 36675 --- [billing-service] [           main] c.p.b.BillingServiceApplicationTests     : No active profile set, falling back to 1 default profile: "default"
2025-10-06T02:06:39.872+05:00  INFO 36675 --- [billing-service] [           main] o.s.v.b.OptionalValidatorFactoryBean     : Failed to set up a Bean Validation provider: jakarta.validation.NoProviderFoundException: Unable to create a Configuration, because no Jakarta Bean Validation provider could be found. Add a provider like Hibernate Validator (RI) to your classpath.
2025-10-06T02:06:40.167+05:00  INFO 36675 --- [billing-service] [           main] g.s.a.GrpcServerFactoryAutoConfiguration : Detected grpc-netty-shaded: Creating ShadedNettyGrpcServerFactory
2025-10-06T02:06:40.380+05:00  INFO 36675 --- [billing-service] [           main] n.d.b.g.s.s.AbstractGrpcServerFactory    : Registered gRPC service: grpc.health.v1.Health, bean: grpcHealthService, class: io.grpc.protobuf.services.HealthServiceImpl
2025-10-06T02:06:40.380+05:00  INFO 36675 --- [billing-service] [           main] n.d.b.g.s.s.AbstractGrpcServerFactory    : Registered gRPC service: grpc.reflection.v1alpha.ServerReflection, bean: protoReflectionService, class: io.grpc.protobuf.services.ProtoReflectionService
2025-10-06T02:06:40.518+05:00  INFO 36675 --- [billing-service] [           main] n.d.b.g.s.s.GrpcServerLifecycle          : gRPC Server started, listening on address: *, port: 9090
2025-10-06T02:06:40.531+05:00  INFO 36675 --- [billing-service] [           main] c.p.b.BillingServiceApplicationTests     : Started BillingServiceApplicationTests in 2.472 seconds (process running for 3.903)
]]></system-out>
    <system-err><![CDATA[Mockito is currently self-attaching to enable the inline-mock-maker. This will no longer work in future releases of the JDK. Please add Mockito as an agent to your build as described in Mockito's documentation: https://javadoc.io/doc/org.mockito/mockito-core/latest/org.mockito/org/mockito/Mockito.html#0.3
WARNING: A Java agent has been loaded dynamically (/Users/engineerawais/.m2/repository/net/bytebuddy/byte-buddy-agent/1.17.7/byte-buddy-agent-1.17.7.jar)
WARNING: If a serviceability tool is in use, please run with -XX:+EnableDynamicAgentLoading to hide this warning
WARNING: If a serviceability tool is not in use, please run with -Djdk.instrument.traceUsage for more information
WARNING: Dynamic loading of agents will be disallowed by default in a future release
]]></system-err>
  </testcase>
</testsuite>